Juego inicializado - Nivel 1 (mapa 10x10) - 4 colectables
Sala inicial: 0

=== SETUP INICIAL ===
Posicion de la camara: -20.00, 1.00, 12.00
Centro de sala (y, x) 2D: 5, 3
Mouse Moved: Yaw -> 175.25, Pitch -> 0.00
Mouse Moved: Yaw -> 170.75, Pitch -> 0.00
Mouse Moved: Yaw -> 165.75, Pitch -> 0.00
Mouse Moved: Yaw -> 160.75, Pitch -> 0.00
Mouse Moved: Yaw -> 156.00, Pitch -> 0.00
Mouse Moved: Yaw -> 151.00, Pitch -> 0.00
Mouse Moved: Yaw -> 146.75, Pitch -> 0.00
Mouse Moved: Yaw -> 142.25, Pitch -> 0.00
Mouse Moved: Yaw -> 138.25, Pitch -> 0.00
Mouse Moved: Yaw -> 134.50, Pitch -> 0.00
Mouse Moved: Yaw -> 131.00, Pitch -> 0.00
Mouse Moved: Yaw -> 127.75, Pitch -> 0.00
Mouse Moved: Yaw -> 124.50, Pitch -> 0.00
Mouse Moved: Yaw -> 121.25, Pitch -> 0.00
Mouse Moved: Yaw -> 117.50, Pitch -> 0.00
Mouse Moved: Yaw -> 113.75, Pitch -> 0.00
Mouse Moved: Yaw -> 109.75, Pitch -> 0.00
Mouse Moved: Yaw -> 106.25, Pitch -> 0.00
Mouse Moved: Yaw -> 102.50, Pitch -> 0.00
Mouse Moved: Yaw -> 99.00, Pitch -> 0.00
Mouse Moved: Yaw -> 95.75, Pitch -> 0.00
Mouse Moved: Yaw -> 92.75, Pitch -> 0.00
Mouse Moved: Yaw -> 90.25, Pitch -> 0.00
Mouse Moved: Yaw -> 88.00, Pitch -> 0.00
Mouse Moved: Yaw -> 86.00, Pitch -> 0.00
Mouse Moved: Yaw -> 84.25, Pitch -> 0.00
Mouse Moved: Yaw -> 82.50, Pitch -> 0.00
Mouse Moved: Yaw -> 81.00, Pitch -> 0.00
Mouse Moved: Yaw -> 79.75, Pitch -> 0.00
Mouse Moved: Yaw -> 78.25, Pitch -> 0.00
Mouse Moved: Yaw -> 76.75, Pitch -> 0.00
Mouse Moved: Yaw -> 75.25, Pitch -> 0.00
Mouse Moved: Yaw -> 73.75, Pitch -> 0.00
Mouse Moved: Yaw -> 72.50, Pitch -> 0.00
Mouse Moved: Yaw -> 71.50, Pitch -> 0.00
Mouse Moved: Yaw -> 70.75, Pitch -> 0.00
Mouse Moved: Yaw -> 70.50, Pitch -> 0.00
Mouse Moved: Yaw -> 70.25, Pitch -> 0.00
Mouse Moved: Yaw -> 70.00, Pitch -> 0.00
Mouse Moved: Yaw -> 69.75, Pitch -> 0.00
Mouse Moved: Yaw -> 69.50, Pitch -> 0.00
Mouse Moved: Yaw -> 69.00, Pitch -> 0.00
Mouse Moved: Yaw -> 68.00, Pitch -> 0.00
Mouse Moved: Yaw -> 67.00, Pitch -> 0.00
Mouse Moved: Yaw -> 65.75, Pitch -> 0.00
Mouse Moved: Yaw -> 64.75, Pitch -> 0.00
Mouse Moved: Yaw -> 63.75, Pitch -> 0.00
Mouse Moved: Yaw -> 62.75, Pitch -> 0.00
Mouse Moved: Yaw -> 61.75, Pitch -> 0.00
Mouse Moved: Yaw -> 60.50, Pitch -> 0.00
Mouse Moved: Yaw -> 59.25, Pitch -> 0.00
Mouse Moved: Yaw -> 58.00, Pitch -> 0.00
Mouse Moved: Yaw -> 56.75, Pitch -> 0.00
Mouse Moved: Yaw -> 55.25, Pitch -> 0.00
Mouse Moved: Yaw -> 54.00, Pitch -> 0.00
Mouse Moved: Yaw -> 53.00, Pitch -> 0.00
Mouse Moved: Yaw -> 52.25, Pitch -> 0.00
Mouse Moved: Yaw -> 51.75, Pitch -> 0.00
Mouse Moved: Yaw -> 51.25, Pitch -> 0.00
Mouse Moved: Yaw -> 50.50, Pitch -> -0.25
Mouse Moved: Yaw -> 50.25, Pitch -> -0.25
Mouse Moved: Yaw -> 50.00, Pitch -> -0.25
Mouse Moved: Yaw -> 50.00, Pitch -> -0.50
Mouse Moved: Yaw -> 49.75, Pitch -> -0.50
Mouse Moved: Yaw -> 49.25, Pitch -> -0.50
Mouse Moved: Yaw -> 48.75, Pitch -> -0.75
Mouse Moved: Yaw -> 48.25, Pitch -> -1.00
Mouse Moved: Yaw -> 47.25, Pitch -> -1.00
Mouse Moved: Yaw -> 46.00, Pitch -> -1.25
Mouse Moved: Yaw -> 44.50, Pitch -> -1.50
Mouse Moved: Yaw -> 42.50, Pitch -> -1.50
Mouse Moved: Yaw -> 40.25, Pitch -> -1.75
Mouse Moved: Yaw -> 37.50, Pitch -> -2.00
Mouse Moved: Yaw -> 35.00, Pitch -> -2.25
Mouse Moved: Yaw -> 32.00, Pitch -> -2.50
Mouse Moved: Yaw -> 29.25, Pitch -> -2.75
Mouse Moved: Yaw -> 26.25, Pitch -> -3.25
Mouse Moved: Yaw -> 23.50, Pitch -> -3.50
Mouse Moved: Yaw -> 21.00, Pitch -> -3.75
Mouse Moved: Yaw -> 18.50, Pitch -> -4.00
Mouse Moved: Yaw -> 16.50, Pitch -> -4.00
Mouse Moved: Yaw -> 15.00, Pitch -> -4.00
Mouse Moved: Yaw -> 14.25, Pitch -> -4.00
Mouse Moved: Yaw -> 13.75, Pitch -> -4.00
Mouse Moved: Yaw -> 13.50, Pitch -> -3.75
Mouse Moved: Yaw -> 13.50, Pitch -> -3.50
Mouse Moved: Yaw -> 13.50, Pitch -> -3.25
Mouse Moved: Yaw -> 13.25, Pitch -> -3.25
Mouse Moved: Yaw -> 13.00, Pitch -> -3.25
Mouse Moved: Yaw -> 12.50, Pitch -> -3.25
Mouse Moved: Yaw -> 11.75, Pitch -> -3.25
Mouse Moved: Yaw -> 11.25, Pitch -> -3.25
Mouse Moved: Yaw -> 10.25, Pitch -> -3.25
Mouse Moved: Yaw -> 9.00, Pitch -> -3.25
Mouse Moved: Yaw -> 7.50, Pitch -> -3.25
Mouse Moved: Yaw -> 6.00, Pitch -> -3.25
Mouse Moved: Yaw -> 4.50, Pitch -> -3.25
Mouse Moved: Yaw -> 2.75, Pitch -> -3.25
Mouse Moved: Yaw -> 1.00, Pitch -> -3.25
Mouse Moved: Yaw -> -0.75, Pitch -> -3.25
Mouse Moved: Yaw -> -2.50, Pitch -> -3.25
Mouse Moved: Yaw -> -4.00, Pitch -> -3.25
Mouse Moved: Yaw -> -5.50, Pitch -> -3.25
Mouse Moved: Yaw -> -7.00, Pitch -> -3.25
Mouse Moved: Yaw -> -8.25, Pitch -> -3.25
Mouse Moved: Yaw -> -9.25, Pitch -> -3.25
Mouse Moved: Yaw -> -10.00, Pitch -> -3.25
Mouse Moved: Yaw -> -10.50, Pitch -> -3.25
Mouse Moved: Yaw -> -10.75, Pitch -> -3.25
Mouse Moved: Yaw -> -10.75, Pitch -> -3.00
Mouse Moved: Yaw -> -11.00, Pitch -> -3.00
Mouse Moved: Yaw -> -11.25, Pitch -> -2.50
Mouse Moved: Yaw -> -11.75, Pitch -> -2.00
Mouse Moved: Yaw -> -12.25, Pitch -> -1.50
Mouse Moved: Yaw -> -13.00, Pitch -> -1.25
Mouse Moved: Yaw -> -13.50, Pitch -> -0.75
Mouse Moved: Yaw -> -14.00, Pitch -> -0.25
Mouse Moved: Yaw -> -14.00, Pitch -> 0.00
Mouse Moved: Yaw -> -13.50, Pitch -> 0.00
Mouse Moved: Yaw -> -12.75, Pitch -> 0.00
Mouse Moved: Yaw -> -11.75, Pitch -> 0.00
Mouse Moved: Yaw -> -10.50, Pitch -> 0.25
Mouse Moved: Yaw -> -9.50, Pitch -> 0.50
Mouse Moved: Yaw -> -8.00, Pitch -> 0.75
Mouse Moved: Yaw -> -8.00, Pitch -> 1.00
Mouse Moved: Yaw -> -7.75, Pitch -> 1.00
Mouse Moved: Yaw -> -7.50, Pitch -> 1.00
Mouse Moved: Yaw -> -7.25, Pitch -> 1.00
Mouse Moved: Yaw -> -7.25, Pitch -> 1.25
Mouse Moved: Yaw -> -7.50, Pitch -> 1.25
Mouse Moved: Yaw -> -7.75, Pitch -> 1.50
Mouse Moved: Yaw -> -8.00, Pitch -> 1.50
Mouse Moved: Yaw -> -8.00, Pitch -> 1.75
Mouse Moved: Yaw -> -7.75, Pitch -> 1.75
Mouse Moved: Yaw -> -7.50, Pitch -> 1.75
Mouse Moved: Yaw -> -7.25, Pitch -> 2.00
Mouse Moved: Yaw -> -7.00, Pitch -> 2.00
Mouse Moved: Yaw -> -6.75, Pitch -> 2.00
Mouse Moved: Yaw -> -6.75, Pitch -> 1.75
Mouse Moved: Yaw -> -6.75, Pitch -> 1.50
Mouse Moved: Yaw -> -6.75, Pitch -> 1.25
Mouse Moved: Yaw -> -7.00, Pitch -> 1.00
Mouse Moved: Yaw -> -7.25, Pitch -> 0.75
Mouse Moved: Yaw -> -7.50, Pitch -> 0.75
Mouse Moved: Yaw -> -7.00, Pitch -> 0.50
Mouse Moved: Yaw -> -6.25, Pitch -> 0.25
Mouse Moved: Yaw -> -5.75, Pitch -> 0.25
Mouse Moved: Yaw -> -5.00, Pitch -> 0.25
Mouse Moved: Yaw -> -4.25, Pitch -> 0.25
Mouse Moved: Yaw -> -3.50, Pitch -> 0.25
Mouse Moved: Yaw -> -2.75, Pitch -> 0.25
Mouse Moved: Yaw -> -2.00, Pitch -> 0.25
Mouse Moved: Yaw -> -1.25, Pitch -> 0.25
Mouse Moved: Yaw -> -0.50, Pitch -> 0.25
Mouse Moved: Yaw -> 0.00, Pitch -> 0.50
Mouse Moved: Yaw -> 0.75, Pitch -> 0.75
Mouse Moved: Yaw -> 1.50, Pitch -> 1.00
Mouse Moved: Yaw -> 2.25, Pitch -> 1.25
Mouse Moved: Yaw -> 2.50, Pitch -> 1.25
Mouse Moved: Yaw -> 3.00, Pitch -> 1.25
Mouse Moved: Yaw -> 3.25, Pitch -> 1.25
Mouse Moved: Yaw -> 3.50, Pitch -> 1.25
Mouse Moved: Yaw -> 3.75, Pitch -> 1.50
Mouse Moved: Yaw -> 4.00, Pitch -> 1.50
Mouse Moved: Yaw -> 3.50, Pitch -> 1.50
Mouse Moved: Yaw -> 2.25, Pitch -> 1.25
Mouse Moved: Yaw -> 0.75, Pitch -> 1.25
Mouse Moved: Yaw -> -1.00, Pitch -> 1.25
Mouse Moved: Yaw -> -3.25, Pitch -> 1.25
Mouse Moved: Yaw -> -6.25, Pitch -> 1.25
Mouse Moved: Yaw -> -10.00, Pitch -> 1.25
Mouse Moved: Yaw -> -14.00, Pitch -> 1.25
Mouse Moved: Yaw -> -18.75, Pitch -> 1.25
Mouse Moved: Yaw -> -24.00, Pitch -> 1.25
Mouse Moved: Yaw -> -29.25, Pitch -> 1.25
Mouse Moved: Yaw -> -34.50, Pitch -> 1.25
Mouse Moved: Yaw -> -40.00, Pitch -> 1.25
Mouse Moved: Yaw -> -45.50, Pitch -> 1.25
Mouse Moved: Yaw -> -51.00, Pitch -> 1.25
Mouse Moved: Yaw -> -56.00, Pitch -> 1.00
Mouse Moved: Yaw -> -61.00, Pitch -> 0.75
Mouse Moved: Yaw -> -65.75, Pitch -> 0.75
Mouse Moved: Yaw -> -70.25, Pitch -> 0.50
Mouse Moved: Yaw -> -74.25, Pitch -> 0.25
Mouse Moved: Yaw -> -78.00, Pitch -> 0.25
Mouse Moved: Yaw -> -81.50, Pitch -> 0.00
Mouse Moved: Yaw -> -84.75, Pitch -> 0.00
Mouse Moved: Yaw -> -87.25, Pitch -> 0.00
Mouse Moved: Yaw -> -89.75, Pitch -> 0.00
Mouse Moved: Yaw -> -91.75, Pitch -> 0.00
Mouse Moved: Yaw -> -93.50, Pitch -> 0.00
Mouse Moved: Yaw -> -95.25, Pitch -> 0.00
Mouse Moved: Yaw -> -96.25, Pitch -> 0.00
Mouse Moved: Yaw -> -97.50, Pitch -> -0.25
Mouse Moved: Yaw -> -98.50, Pitch -> -0.25
Mouse Moved: Yaw -> -99.25, Pitch -> -0.50
Mouse Moved: Yaw -> -99.75, Pitch -> -0.50
Mouse Moved: Yaw -> -100.25, Pitch -> -0.50
Mouse Moved: Yaw -> -100.75, Pitch -> -0.50
Mouse Moved: Yaw -> -101.25, Pitch -> -0.50
Mouse Moved: Yaw -> -102.00, Pitch -> -0.25
Mouse Moved: Yaw -> -102.25, Pitch -> -0.25
Mouse Moved: Yaw -> -103.00, Pitch -> -0.25
Mouse Moved: Yaw -> -103.25, Pitch -> -0.25
Mouse Moved: Yaw -> -103.75, Pitch -> -0.25
Mouse Moved: Yaw -> -104.50, Pitch -> -0.25
Mouse Moved: Yaw -> -105.50, Pitch -> -0.25
Mouse Moved: Yaw -> -106.75, Pitch -> -0.25
Mouse Moved: Yaw -> -108.00, Pitch -> -0.25
Mouse Moved: Yaw -> -109.50, Pitch -> -0.25
Mouse Moved: Yaw -> -110.75, Pitch -> -0.25
Mouse Moved: Yaw -> -111.75, Pitch -> -0.25
Mouse Moved: Yaw -> -112.50, Pitch -> -0.25
Mouse Moved: Yaw -> -113.25, Pitch -> -0.25
Mouse Moved: Yaw -> -114.00, Pitch -> -0.25
Mouse Moved: Yaw -> -114.25, Pitch -> -0.25
Mouse Moved: Yaw -> -114.50, Pitch -> -0.25
Mouse Moved: Yaw -> -114.75, Pitch -> -0.25
Mouse Moved: Yaw -> -115.25, Pitch -> -0.25
Mouse Moved: Yaw -> -116.00, Pitch -> -0.25
Mouse Moved: Yaw -> -116.75, Pitch -> -0.25
Mouse Moved: Yaw -> -117.50, Pitch -> -0.25
Mouse Moved: Yaw -> -118.00, Pitch -> -0.25
Mouse Moved: Yaw -> -118.75, Pitch -> -0.25
Mouse Moved: Yaw -> -119.50, Pitch -> -0.50
Mouse Moved: Yaw -> -120.25, Pitch -> -0.50
Mouse Moved: Yaw -> -121.25, Pitch -> -0.50
Mouse Moved: Yaw -> -122.00, Pitch -> -0.75
Mouse Moved: Yaw -> -123.25, Pitch -> -1.00
Mouse Moved: Yaw -> -124.50, Pitch -> -1.00
Mouse Moved: Yaw -> -126.00, Pitch -> -1.00
Mouse Moved: Yaw -> -127.50, Pitch -> -1.00
Mouse Moved: Yaw -> -129.25, Pitch -> -1.25
Mouse Moved: Yaw -> -131.00, Pitch -> -1.50
Mouse Moved: Yaw -> -132.50, Pitch -> -1.50
Mouse Moved: Yaw -> -134.25, Pitch -> -1.75
Mouse Moved: Yaw -> -135.75, Pitch -> -1.75
Mouse Moved: Yaw -> -137.00, Pitch -> -2.00
Mouse Moved: Yaw -> -138.50, Pitch -> -2.00
Mouse Moved: Yaw -> -139.75, Pitch -> -2.25
Mouse Moved: Yaw -> -141.25, Pitch -> -2.25
Mouse Moved: Yaw -> -142.75, Pitch -> -2.50
Mouse Moved: Yaw -> -144.25, Pitch -> -2.50
Mouse Moved: Yaw -> -145.50, Pitch -> -2.75
Mouse Moved: Yaw -> -147.00, Pitch -> -2.75
Mouse Moved: Yaw -> -148.25, Pitch -> -3.00
Mouse Moved: Yaw -> -149.50, Pitch -> -3.25
Mouse Moved: Yaw -> -150.75, Pitch -> -3.25
Mouse Moved: Yaw -> -152.25, Pitch -> -3.50
Mouse Moved: Yaw -> -153.75, Pitch -> -3.75
Mouse Moved: Yaw -> -155.00, Pitch -> -4.00
Mouse Moved: Yaw -> -156.75, Pitch -> -4.00
Mouse Moved: Yaw -> -158.25, Pitch -> -4.00
Mouse Moved: Yaw -> -159.75, Pitch -> -4.25
Mouse Moved: Yaw -> -161.00, Pitch -> -4.25
Mouse Moved: Yaw -> -162.50, Pitch -> -4.50
Mouse Moved: Yaw -> -164.00, Pitch -> -4.50
Mouse Moved: Yaw -> -165.25, Pitch -> -4.50
Mouse Moved: Yaw -> -166.75, Pitch -> -4.75
Mouse Moved: Yaw -> -168.00, Pitch -> -4.75
Mouse Moved: Yaw -> -169.25, Pitch -> -5.00
Mouse Moved: Yaw -> -170.75, Pitch -> -5.00
Mouse Moved: Yaw -> -172.00, Pitch -> -5.25
Mouse Moved: Yaw -> -173.25, Pitch -> -5.25
Mouse Moved: Yaw -> -174.25, Pitch -> -5.25
Mouse Moved: Yaw -> -175.00, Pitch -> -5.25
Mouse Moved: Yaw -> -175.75, Pitch -> -5.50
Mouse Moved: Yaw -> -176.50, Pitch -> -5.50
Mouse Moved: Yaw -> -176.75, Pitch -> -5.50
Mouse Moved: Yaw -> -176.75, Pitch -> -5.25
Mouse Moved: Yaw -> -176.50, Pitch -> -4.75
Mouse Moved: Yaw -> -176.00, Pitch -> -4.50
Mouse Moved: Yaw -> -175.25, Pitch -> -4.25
Mouse Moved: Yaw -> -173.75, Pitch -> -4.00
Mouse Moved: Yaw -> -171.50, Pitch -> -3.50
Mouse Moved: Yaw -> -168.25, Pitch -> -3.50
Mouse Moved: Yaw -> -164.50, Pitch -> -3.50
Mouse Moved: Yaw -> -160.00, Pitch -> -3.50
Mouse Moved: Yaw -> -154.50, Pitch -> -3.50
Mouse Moved: Yaw -> -148.75, Pitch -> -3.50
Mouse Moved: Yaw -> -142.75, Pitch -> -3.50
Mouse Moved: Yaw -> -136.50, Pitch -> -3.50
Mouse Moved: Yaw -> -130.00, Pitch -> -3.50
Mouse Moved: Yaw -> -123.75, Pitch -> -3.50
Mouse Moved: Yaw -> -117.25, Pitch -> -3.50
Mouse Moved: Yaw -> -110.75, Pitch -> -3.50
Mouse Moved: Yaw ->